<?xml version="1.0" encoding="UTF-8"?>
<!-- Generated by org.testng.reporters.JUnitReportReporter -->
<testsuite hostname="Neeraj" name="com.gurpreet.pages.SeleniumGrid" tests="1" failures="0" timestamp="14 Dec 2015 20:03:34 GMT" time="3.362" errors="0">
  <testcase name="testing" time="3.362" classname="com.gurpreet.pages.SeleniumGrid"/>
</testsuite> <!-- com.gurpreet.pages.SeleniumGrid -->
